{"phase":"cpg","score":2.135514580917,"dist":2.419578908133,"fell":false,"flight":153,"ticks":900,"params":[0.350235959911,0.131837144486,-0.524796583189,3.087363556198,0.25530922801,2.50628695262]}
{"phase":"clone","mse":0.000039437487,"fitness":0.549261514928,"dist":-2.949397877434,"flight":77,"fell":true}
{"gen":0,"best":1.024179964776,"mean":-0.002595707833}
{"gen":10,"best":2.609442756716,"mean":0.702183730503}
{"gen":20,"best":3.140829823157,"mean":0.849005885659}
{"gen":30,"best":3.140829823157,"mean":0.906880711041}
{"gen":40,"best":3.150933180722,"mean":0.958547097716}
{"gen":50,"best":3.150933180722,"mean":1.079046098908}
{"gen":60,"best":3.152817350438,"mean":1.108906701958}
{"gen":70,"best":3.152817350438,"mean":1.296819604172}
{"gen":80,"best":3.152817350438,"mean":1.259849944803}
{"gen":90,"best":3.155235186222,"mean":1.319668593348}
{"gen":100,"best":3.155235186222,"mean":1.445756726657}
{"gen":110,"best":3.155235186222,"mean":1.395488408922}
{"gen":120,"best":3.155235186222,"mean":1.362580705097}
{"gen":130,"best":3.159543357906,"mean":1.472128509784}
{"gen":140,"best":3.159543357906,"mean":1.328949484896}
{"gen":150,"best":3.159543357906,"mean":1.359327498423}
{"gen":160,"best":3.159543357906,"mean":1.429295910918}
{"gen":170,"best":3.159543357906,"mean":1.638466412447}
{"gen":180,"best":3.159543357906,"mean":1.348207735783}
{"gen":190,"best":3.164392806019,"mean":1.269966453892}
{"gen":200,"best":3.164392806019,"mean":1.248784954424}
{"gen":210,"best":3.164392806019,"mean":1.345404037201}
{"gen":220,"best":3.164392806019,"mean":1.372371767252}
{"gen":230,"best":3.164392806019,"mean":1.388914766632}
{"gen":240,"best":3.164392806019,"mean":1.461665619364}
{"gen":250,"best":3.164392806019,"mean":1.292353301141}
{"gen":260,"best":3.164392806019,"mean":1.535214248019}
{"gen":270,"best":3.164392806019,"mean":1.375346582465}
{"gen":280,"best":3.164392806019,"mean":1.531047484514}
{"gen":290,"best":3.164392806019,"mean":1.26445250269}
{"gen":300,"best":3.164392806019,"mean":1.34004199071}
{"gen":310,"best":3.164392806019,"mean":1.366265164693}
{"gen":320,"best":3.164392806019,"mean":1.217101894251}
{"gen":330,"best":3.164392806019,"mean":1.302910965162}
{"gen":340,"best":3.164392806019,"mean":1.469550982653}
{"gen":350,"best":3.164392806019,"mean":1.404873995532}
{"gen":360,"best":3.164392806019,"mean":1.325615947035}
{"gen":370,"best":3.164392806019,"mean":1.352865996381}
{"gen":380,"best":3.164392806019,"mean":1.242232366317}
{"gen":390,"best":3.164392806019,"mean":1.346590250183}
{"gen":400,"best":3.164392806019,"mean":1.578584693529}
{"gen":410,"best":3.164392806019,"mean":1.159905851208}
{"gen":420,"best":3.164392806019,"mean":1.524906346946}
{"gen":430,"best":3.164392806019,"mean":1.481902947724}
{"gen":440,"best":3.164392806019,"mean":1.496385636816}
{"gen":450,"best":3.164392806019,"mean":1.521860473197}
{"gen":460,"best":3.164392806019,"mean":1.695898159837}
{"gen":470,"best":3.164392806019,"mean":1.44077950396}
{"gen":480,"best":3.164392806019,"mean":1.51097904203}
{"gen":490,"best":3.164392806019,"mean":1.523396289516}
{"gen":500,"best":3.164392806019,"mean":1.439344342004}
{"gen":510,"best":3.164392806019,"mean":1.352857546625}
{"gen":520,"best":3.164392806019,"mean":1.337641549831}
{"gen":530,"best":3.164392806019,"mean":1.588170550238}
{"gen":540,"best":3.164392806019,"mean":1.405229158556}
{"gen":550,"best":3.164392806019,"mean":1.437732506285}
{"gen":560,"best":3.164392806019,"mean":1.638820443343}
{"gen":570,"best":3.164392806019,"mean":1.501988459874}
{"gen":580,"best":3.164392806019,"mean":1.472578990006}
{"gen":590,"best":3.164392806019,"mean":1.664855899085}
{"gen":600,"best":3.164392806019,"mean":1.504015748701}
{"gen":610,"best":3.164392806019,"mean":1.632183157142}
{"gen":620,"best":3.164392806019,"mean":1.566235780515}
{"gen":630,"best":3.164392806019,"mean":1.437328262931}
{"gen":640,"best":3.164392806019,"mean":1.528730571758}
{"gen":650,"best":3.164392806019,"mean":1.591534568871}
{"gen":660,"best":3.164392806019,"mean":1.711104840222}
{"gen":670,"best":3.164392806019,"mean":1.513113171815}
{"gen":680,"best":3.164392806019,"mean":1.339944029862}
{"gen":690,"best":3.164392806019,"mean":1.630566763776}
{"gen":700,"best":3.164392806019,"mean":1.498491805437}
{"gen":710,"best":3.164392806019,"mean":1.580766245104}
{"gen":720,"best":3.164392806019,"mean":1.529874693078}
{"gen":730,"best":3.164392806019,"mean":1.590547427951}
{"gen":740,"best":3.164392806019,"mean":1.508344480006}
{"gen":750,"best":3.164392806019,"mean":1.594504548678}
{"gen":760,"best":3.164392806019,"mean":1.469447883499}
{"gen":770,"best":3.164392806019,"mean":1.604179625139}
{"gen":780,"best":3.168803131807,"mean":1.404530832956}
{"gen":790,"best":3.168803131807,"mean":1.621100636384}
{"gen":800,"best":3.168803131807,"mean":1.444720014639}
{"gen":810,"best":3.168803131807,"mean":1.534983772883}
{"gen":820,"best":3.168803131807,"mean":1.567690376961}
{"gen":830,"best":3.168803131807,"mean":1.43919759038}
{"gen":840,"best":3.168803131807,"mean":1.423578600359}
{"gen":850,"best":3.168803131807,"mean":1.446897457692}
{"gen":860,"best":3.168803131807,"mean":1.56876119947}
{"gen":870,"best":3.168803131807,"mean":1.354006412152}
{"gen":880,"best":3.168803131807,"mean":1.437080734953}
{"gen":890,"best":3.168803131807,"mean":1.410185514923}
{"artifact":"ml/models/sag3_walk.json","train_ms":1209518,"generations":900,"best_fitness":3.168803131807,"champion":{"dist_m":12.565082731121,"seconds":5.2833122,"fell":false,"flight_ticks":224,"ticks":317}}
